<?xml version="1.0" encoding="UTF-8" ?>
<testsuite errors="0" failures="0" hostname="localhost" name="speedith.core.util.SetsTest" tests="64" time="22.748" timestamp="2011-09-29T06:05:56">
  <properties>
[...]
</properties>
  <testcase classname="speedith.core.util.SetsTest" name="testCompare" time="0.017" />
  <testcase classname="speedith.core.util.SetsTest" name="testCompare7" time="0.0" />
  <testcase classname="speedith.core.util.SetsTest" name="testCompare1" time="0.001" />
  <testcase classname="speedith.core.util.SetsTest" name="testCompare2" time="0.0" />
  <testcase classname="speedith.core.util.SetsTest" name="testCompare3" time="0.001" />
  <testcase classname="speedith.core.util.SetsTest" name="testCompare4" time="0.0" />
  <testcase classname="speedith.core.util.SetsTest" name="testCompare5" time="0.0" />
  <testcase classname="speedith.core.util.SetsTest" name="testCompareNaturally" time="0.0" />
  <testcase classname="speedith.core.util.SetsTest" name="testCompareNaturally1" time="0.001" />
  <testcase classname="speedith.core.util.SetsTest" name="testCompareNaturally2" time="0.0" />
  <testcase classname="speedith.core.util.SetsTest" name="testCompareNaturally3" time="0.0" />
  <testcase classname="speedith.core.util.SetsTest" name="testCompareNaturally4" time="0.0" />
  <testcase classname="speedith.core.util.SetsTest" name="testCompareNaturally5" time="0.001" />
  <testcase classname="speedith.core.util.SetsTest" name="testEqual" time="0.001" />
  <testcase classname="speedith.core.util.SetsTest" name="testEqual2" time="0.001" />
  <testcase classname="speedith.core.util.SetsTest" name="testEqual3" time="0.004" />
  <testcase classname="speedith.core.util.SetsTest" name="testEqual4" time="0.0" />
  <testcase classname="speedith.core.util.SetsTest" name="testEqual5" time="0.0" />
  <testcase classname="speedith.core.util.SetsTest" name="testEqual6" time="0.001" />
  <testcase classname="speedith.core.util.SetsTest" name="testEqual7" time="0.001" />
  <testcase classname="speedith.core.util.SetsTest" name="testEqual8" time="0.0" />
  <testcase classname="speedith.core.util.SetsTest" name="testEqual9" time="0.0" />
  <testcase classname="speedith.core.util.SetsTest" name="testEqual10" time="0.0" />
  <testcase classname="speedith.core.util.SetsTest" name="testEqual11" time="0.0" />
  <testcase classname="speedith.core.util.SetsTest" name="testEqual12" time="0.001" />
  <testcase classname="speedith.core.util.SetsTest" name="testEqual13" time="0.0" />
  <testcase classname="speedith.core.util.SetsTest" name="testIsSubset" time="0.0" />
  <testcase classname="speedith.core.util.SetsTest" name="testIsSubset2" time="0.003" />
  <testcase classname="speedith.core.util.SetsTest" name="testIsSubset3" time="0.0" />
  <testcase classname="speedith.core.util.SetsTest" name="testIsSubset4" time="0.001" />
  <testcase classname="speedith.core.util.SetsTest" name="testIsSubset5" time="0.0" />
  <testcase classname="speedith.core.util.SetsTest" name="testIsSubset6" time="0.0" />
  <testcase classname="speedith.core.util.SetsTest" name="testIsSubset7" time="0.0" />
  <testcase classname="speedith.core.util.SetsTest" name="testIsSubset8" time="0.0" />
  <testcase classname="speedith.core.util.SetsTest" name="testIsNaturalSubset" time="0.0" />
  <testcase classname="speedith.core.util.SetsTest" name="testIsNaturalSubset2" time="0.0" />
  <testcase classname="speedith.core.util.SetsTest" name="testIsNaturalSubset3" time="0.0" />
  <testcase classname="speedith.core.util.SetsTest" name="testIsNaturalSubset4" time="0.001" />
  <testcase classname="speedith.core.util.SetsTest" name="testIsNaturalSubset5" time="0.0" />
  <testcase classname="speedith.core.util.SetsTest" name="testIsNaturalSubset6" time="0.0" />
  <testcase classname="speedith.core.util.SetsTest" name="testIsNaturalSubset7" time="0.0" />
  <testcase classname="speedith.core.util.SetsTest" name="testIsNaturalSubset8" time="0.0" />
  <testcase classname="speedith.core.util.SetsTest" name="testDisjoint" time="0.001" />
  <testcase classname="speedith.core.util.SetsTest" name="testDisjoint2" time="0.0" />
  <testcase classname="speedith.core.util.SetsTest" name="testDisjoint3" time="0.0" />
  <testcase classname="speedith.core.util.SetsTest" name="testDisjoint4" time="0.001" />
  <testcase classname="speedith.core.util.SetsTest" name="testDisjoint5" time="0.0" />
  <testcase classname="speedith.core.util.SetsTest" name="testDisjoint6" time="0.0" />
  <testcase classname="speedith.core.util.SetsTest" name="testDisjoint7" time="0.0" />
  <testcase classname="speedith.core.util.SetsTest" name="testDisjoint8" time="0.0" />
  <testcase classname="speedith.core.util.SetsTest" name="testDisjoint9" time="0.001" />
  <testcase classname="speedith.core.util.SetsTest" name="testDisjoint10" time="0.0" />
  <testcase classname="speedith.core.util.SetsTest" name="testNaturallyDisjoint" time="0.0" />
  <testcase classname="speedith.core.util.SetsTest" name="testNaturallyDisjoint2" time="0.001" />
  <testcase classname="speedith.core.util.SetsTest" name="testNaturallyDisjoint3" time="0.001" />
  <testcase classname="speedith.core.util.SetsTest" name="testNaturallyDisjoint4" time="0.0" />
  <testcase classname="speedith.core.util.SetsTest" name="testNaturallyDisjoint5" time="0.0" />
  <testcase classname="speedith.core.util.SetsTest" name="testNaturallyDisjoint6" time="0.0" />
  <testcase classname="speedith.core.util.SetsTest" name="testNaturallyDisjoint7" time="0.0" />
  <testcase classname="speedith.core.util.SetsTest" name="testNaturallyDisjoint8" time="0.0" />
  <testcase classname="speedith.core.util.SetsTest" name="testNaturallyDisjoint9" time="0.0" />
  <testcase classname="speedith.core.util.SetsTest" name="testNaturallyDisjoint10" time="0.001" />
  <testcase classname="speedith.core.util.SetsTest" name="testNaturallyDisjoint11" time="0.01" />
  <testcase classname="speedith.core.util.SetsTest" name="testNaturallyDisjoint12" time="22.419" />
  <system-out><![CDATA[]]></system-out>
  <system-err><![CDATA[]]></system-err>
</testsuite>
